Using pre-set license
Built from '2021.1/staging' branch; Version is '2021.1.15f1 (e767a7370072) revision 15165351'; Using compiler version '192528614'; Build Type 'Release'
OS: 'Windows 10 Education; OS build 18363.1316; Version 1909; 64bit' Language: 'fr' Physical Memory: 32529 MB
BatchMode: 1, IsHumanControllingUs: 0, StartBugReporterOnCrash: 0, Is64bit: 1, IsPro: 0

 COMMAND LINE ARGUMENTS:
C:\Program Files\Unity\Hub\Editor\2021.1.15f1\Editor\Unity.exe
-adb2
-batchMode
-noUpm
-name
AssetImportWorker0
-projectPath
C:/Users/mdionne/Documents/Cours CEGEP/ExpJeu/Projets Unity/DemoCoursBase
-logFile
Logs/AssetImportWorker0.log
-srvPort
55158
Successfully changed project path to: C:/Users/mdionne/Documents/Cours CEGEP/ExpJeu/Projets Unity/DemoCoursBase
C:/Users/mdionne/Documents/Cours CEGEP/ExpJeu/Projets Unity/DemoCoursBase
Using Asset Import Pipeline V2.
Refreshing native plugins compatible for Editor in 85.29 ms, found 6 plugins.
Preloading 1 native plugins for Editor in 0.78 ms.
Initialize engine version: 2021.1.15f1 (e767a7370072)
[Subsystems] Discovering subsystems at path C:/Program Files/Unity/Hub/Editor/2021.1.15f1/Editor/Data/Resources/UnitySubsystems
[Subsystems] Discovering subsystems at path C:/Users/mdionne/Documents/Cours CEGEP/ExpJeu/Projets Unity/DemoCoursBase/Assets
GfxDevice: creating device client; threaded=0; jobified=0
Direct3D:
    Version:  Direct3D 11.0 [level 11.1]
    Renderer: NVIDIA GeForce RTX 2070 with Max-Q Design (ID=0x1f14)
    Vendor:   NVIDIA
    VRAM:     8031 MB
    Driver:   27.21.14.6231
Initialize mono
Mono path[0] = 'C:/Program Files/Unity/Hub/Editor/2021.1.15f1/Editor/Data/Managed'
Mono path[1] = 'C:/Program Files/Unity/Hub/Editor/2021.1.15f1/Editor/Data/MonoBleedingEdge/lib/mono/unityjit'
Mono config path = 'C:/Program Files/Unity/Hub/Editor/2021.1.15f1/Editor/Data/MonoBleedingEdge/etc'
Using monoOptions --debugger-agent=transport=dt_socket,embedding=1,server=y,suspend=n,address=127.0.0.1:56644
Begin MonoManager ReloadAssembly
Registering precompiled unity dll's ...
Register platform support module: C:/Program Files/Unity/Hub/Editor/2021.1.15f1/Editor/Data/PlaybackEngines/WebGLSupport/UnityEditor.WebGL.Extensions.dll
Register platform support module: C:/Program Files/Unity/Hub/Editor/2021.1.15f1/Editor/Data/PlaybackEngines/MacStandaloneSupport/UnityEditor.OSXStandalone.Extensions.dll
Register platform support module: C:/Program Files/Unity/Hub/Editor/2021.1.15f1/Editor/Data/PlaybackEngines/WindowsStandaloneSupport/UnityEditor.WindowsStandalone.Extensions.dll
Registered in 0.002558 seconds.
Native extension for WindowsStandalone target not found
Native extension for OSXStandalone target not found
Native extension for WebGL target not found
Refreshing native plugins compatible for Editor in 79.76 ms, found 6 plugins.
Preloading 1 native plugins for Editor in 0.08 ms.
Mono: successfully reloaded assembly
- Completed reload, in  1.532 seconds
Domain Reload Profiling:
	ReloadAssembly (1533ms)
		BeginReloadAssembly (51ms)
			ExecutionOrderSort (0ms)
			DisableScriptedObjects (0ms)
			BackupInstance (0ms)
			ReleaseScriptingObjects (0ms)
			CreateAndSetChildDomain (1ms)
		EndReloadAssembly (433ms)
			LoadAssemblies (49ms)
			RebuildTransferFunctionScriptingTraits (0ms)
			SetupTypeCache (151ms)
			ReleaseScriptCaches (0ms)
			RebuildScriptCaches (27ms)
			SetupLoadedEditorAssemblies (210ms)
				LogAssemblyErrors (0ms)
				InitializePlatformSupportModulesInManaged (7ms)
				SetLoadedEditorAssemblies (0ms)
				RefreshPlugins (80ms)
				BeforeProcessingInitializeOnLoad (1ms)
				ProcessInitializeOnLoadAttributes (95ms)
				ProcessInitializeOnLoadMethodAttributes (27ms)
				AfterProcessingInitializeOnLoad (0ms)
				EditorAssembliesLoaded (0ms)
			ExecutionOrderSort2 (0ms)
			AwakeInstancesAfterBackupRestoration (0ms)
Platform modules already initialized, skipping
Registering precompiled user dll's ...
Registered in 0.006253 seconds.
Begin MonoManager ReloadAssembly
Symbol file LoadedFromMemory doesn't match image C:\Users\mdionne\Documents\Cours CEGEP\ExpJeu\Projets Unity\DemoCoursBase\Library\PackageCache\com.unity.visualscripting@1.6.1\Editor\VisualScripting.Core\Dependencies\YamlDotNet\Unity.VisualScripting.YamlDotNet.dll
Symbol file LoadedFromMemory doesn't match image C:\Users\mdionne\Documents\Cours CEGEP\ExpJeu\Projets Unity\DemoCoursBase\Library\PackageCache\com.unity.visualscripting@1.6.1\Editor\VisualScripting.Core\Dependencies\DotNetZip\Unity.VisualScripting.IonicZip.dll
Native extension for WindowsStandalone target not found
Native extension for OSXStandalone target not found
Native extension for WebGL target not found
Refreshing native plugins compatible for Editor in 86.92 ms, found 6 plugins.
Preloading 1 native plugins for Editor in 0.09 ms.
[XR] OculusXRPlugin: registering subsystems
[XR] Unable to register display lifecyle provider: [1]
[XR] Oculus Input lifecycle provider registered.
[XR] Unable to register input lifecyle provider: [1]
System.Reflection.TargetInvocationException: Exception has been thrown by the target of an invocation. ---> System.NullReferenceException: Object reference not set to an instance of an object
  at Unity.XR.Oculus.OculusLoader.AssetPathToAbsolutePath (System.String assetPath) [0x00048] in C:\Users\mdionne\Documents\Cours CEGEP\ExpJeu\Projets Unity\DemoCoursBase\Library\PackageCache\com.unity.xr.oculus@1.9.1\Runtime\OculusLoader.cs:249 
  at Unity.XR.Oculus.OculusLoader.EditorLoadOVRPlugin () [0x0007b] in C:\Users\mdionne\Documents\Cours CEGEP\ExpJeu\Projets Unity\DemoCoursBase\Library\PackageCache\com.unity.xr.oculus@1.9.1\Runtime\OculusLoader.cs:234 
  at (wrapper managed-to-native) System.Reflection.MonoMethod.InternalInvoke(System.Reflection.MonoMethod,object,object[],System.Exception&)
  at System.Reflection.MonoMethod.Invoke (System.Object obj, System.Reflection.BindingFlags invokeAttr, System.Reflection.Binder binder, System.Object[] parameters, System.Globalization.CultureInfo culture) [0x00032] in <695d1cc93cca45069c528c15c9fdd749>:0 
   --- End of inner exception stack trace ---
  at System.Reflection.MonoMethod.Invoke (System.Object obj, System.Reflection.BindingFlags invokeAttr, System.Reflection.Binder binder, System.Object[] parameters, System.Globalization.CultureInfo culture) [0x00048] in <695d1cc93cca45069c528c15c9fdd749>:0 
  at System.Reflection.MethodBase.Invoke (System.Object obj, System.Object[] parameters) [0x00000] in <695d1cc93cca45069c528c15c9fdd749>:0 
  at UnityEditor.EditorAssemblies.ProcessInitializeOnLoadMethodAttributes () [0x00047] in <5be0ebaa82df43c7b5c1b1db9bde1e97>:0 
UnityEngine.StackTraceUtility:ExtractStackTrace ()
UnityEngine.DebugLogHandler:LogFormat (UnityEngine.LogType,UnityEngine.Object,string,object[])
UnityEngine.Logger:Log (UnityEngine.LogType,object)
UnityEngine.Debug:LogError (object)
UnityEditor.EditorAssemblies:ProcessInitializeOnLoadMethodAttributes ()

Mono: successfully reloaded assembly
- Completed reload, in  1.299 seconds
Domain Reload Profiling:
	ReloadAssembly (1299ms)
		BeginReloadAssembly (139ms)
			ExecutionOrderSort (0ms)
			DisableScriptedObjects (4ms)
			BackupInstance (0ms)
			ReleaseScriptingObjects (0ms)
			CreateAndSetChildDomain (18ms)
		EndReloadAssembly (1103ms)
			LoadAssemblies (95ms)
			RebuildTransferFunctionScriptingTraits (0ms)
			SetupTypeCache (352ms)
			ReleaseScriptCaches (1ms)
			RebuildScriptCaches (55ms)
			SetupLoadedEditorAssemblies (483ms)
				LogAssemblyErrors (0ms)
				InitializePlatformSupportModulesInManaged (6ms)
				SetLoadedEditorAssemblies (0ms)
				RefreshPlugins (87ms)
				BeforeProcessingInitializeOnLoad (83ms)
				ProcessInitializeOnLoadAttributes (286ms)
				ProcessInitializeOnLoadMethodAttributes (15ms)
				AfterProcessingInitializeOnLoad (6ms)
				EditorAssembliesLoaded (0ms)
			ExecutionOrderSort2 (0ms)
			AwakeInstancesAfterBackupRestoration (6ms)
Platform modules already initialized, skipping
========================================================================
Worker process is ready to serve import requests
Launched and connected shader compiler UnityShaderCompiler.exe after 0.04 seconds
Refreshing native plugins compatible for Editor in 0.64 ms, found 6 plugins.
Preloading 1 native plugins for Editor in 0.07 ms.
Unloading 3482 Unused Serialized files (Serialized files now loaded: 0)
System memory in use before: 126.4 MB.
System memory in use after: 126.6 MB.

Unloading 25 unused Assets to reduce memory usage. Loaded Objects now: 3929.
Total: 2.693100 ms (FindLiveObjects: 0.239200 ms CreateObjectMapping: 0.154400 ms MarkObjects: 2.211600 ms  DeleteObjects: 0.087100 ms)

AssetImportParameters requested are different than current active one (requested -> active):
  custom:framework-win-MediaFoundation: 216162199b28c13a410421893ffa2e32 -> 
  custom:video-decoder-ogg-theora: a1e56fd34408186e4bbccfd4996cb3dc -> 
  custom:container-muxer-webm: aa71ff27fc2769a1b78a27578f13a17b -> 
  custom:container-demuxer-webm: 4f35f7cbe854078d1ac9338744f61a02 -> 
  custom:container-demuxer-ogg: 62fdf1f143b41e24485cea50d1cbac27 -> 
  custom:video-encoder-webm-vp8: eb34c28f22e8b96e1ab97ce403110664 -> 
  custom:video-decoder-webm-vp8: 9c59270c3fd7afecdb556c50c9e8de78 -> 
  custom:audio-decoder-ogg-vorbis: bf7c407c2cedff20999df2af8eb42d56 -> 
  custom:audio-encoder-webm-vorbis: bf7c407c2cedff20999df2af8eb42d56 -> 
========================================================================
Received Import Request.
  path: Assets/Scenes/Depart.unity
  artifactKey: Guid(9d18ebdb217df034ebdaf545fb4d817f) Importer(815301076,1909f56bfc062723c751e8b465ee728b)
Start importing Assets/Scenes/Depart.unity using Guid(9d18ebdb217df034ebdaf545fb4d817f) Importer(815301076,1909f56bfc062723c751e8b465ee728b)  -> (artifact id: 'a18b9ce9036b123d2a5ce2740eed71ed') in 0.013394 seconds 
========================================================================
Received Import Request.
  Time since last request: 122.683172 seconds.
  path: Assets/Environnement/Materials/New Render Texture.renderTexture
  artifactKey: Guid(49be0e0350041ec41bf4543e555bd799) Importer(815301076,1909f56bfc062723c751e8b465ee728b)
Start importing Assets/Environnement/Materials/New Render Texture.renderTexture using Guid(49be0e0350041ec41bf4543e555bd799) Importer(815301076,1909f56bfc062723c751e8b465ee728b)  -> (artifact id: 'c62eef127f58252131651395a26362e5') in 0.058921 seconds 
========================================================================
Received Import Request.
  Time since last request: 867.029168 seconds.
  path: Assets/Scenes
  artifactKey: Guid(9b4f815b5073f66438c8cc3d01e42b3d) Importer(815301076,1909f56bfc062723c751e8b465ee728b)
Start importing Assets/Scenes using Guid(9b4f815b5073f66438c8cc3d01e42b3d) Importer(815301076,1909f56bfc062723c751e8b465ee728b)  -> (artifact id: '7e2a403a1d562949323ef8ee5a4418dc') in 0.004680 seconds 
========================================================================
Received Import Request.
  Time since last request: 10.536341 seconds.
  path: Assets/Avatars/Avatar1.prefab
  artifactKey: Guid(69edaa7f6d0367845b76420b47e4be35) Importer(815301076,1909f56bfc062723c751e8b465ee728b)
Start importing Assets/Avatars/Avatar1.prefab using Guid(69edaa7f6d0367845b76420b47e4be35) Importer(815301076,1909f56bfc062723c751e8b465ee728b)  -> (artifact id: 'afee87231e84c1ca4b6774dcc2c17e54') in 0.032234 seconds 
========================================================================
Received Import Request.
  Time since last request: 3.815163 seconds.
  path: Assets/Avatars/Avatar2.prefab
  artifactKey: Guid(0c74eca2d21234b42b00d95293f1ee7e) Importer(815301076,1909f56bfc062723c751e8b465ee728b)
Start importing Assets/Avatars/Avatar2.prefab using Guid(0c74eca2d21234b42b00d95293f1ee7e) Importer(815301076,1909f56bfc062723c751e8b465ee728b)  -> (artifact id: 'b510f58dc3f9ca584a046d435472bfdb') in 0.012588 seconds 
========================================================================
Received Import Request.
  Time since last request: 0.430873 seconds.
  path: Assets/Avatars/Avatar3.prefab
  artifactKey: Guid(e8090dbb771374144a023faf37db10eb) Importer(815301076,1909f56bfc062723c751e8b465ee728b)
Start importing Assets/Avatars/Avatar3.prefab using Guid(e8090dbb771374144a023faf37db10eb) Importer(815301076,1909f56bfc062723c751e8b465ee728b)  -> (artifact id: 'bda19c03006b135c4e7739c830f6a76a') in 0.012256 seconds 
========================================================================
Received Import Request.
  Time since last request: 0.400983 seconds.
  path: Assets/Avatars/Avatar4.prefab
  artifactKey: Guid(47133d67b3a40f04eb97e5089982ea39) Importer(815301076,1909f56bfc062723c751e8b465ee728b)
Start importing Assets/Avatars/Avatar4.prefab using Guid(47133d67b3a40f04eb97e5089982ea39) Importer(815301076,1909f56bfc062723c751e8b465ee728b)  -> (artifact id: '4333299ad4e46d5ba2fb6802a1a44bb5') in 0.010285 seconds 
========================================================================
Received Import Request.
  Time since last request: 0.818281 seconds.
  path: Assets/Avatars/Avatar5.prefab
  artifactKey: Guid(089d38c2beff1f044b446797593d7269) Importer(815301076,1909f56bfc062723c751e8b465ee728b)
Start importing Assets/Avatars/Avatar5.prefab using Guid(089d38c2beff1f044b446797593d7269) Importer(815301076,1909f56bfc062723c751e8b465ee728b)  -> (artifact id: 'ee06f00949e24333a413606ae2d7afac') in 0.011431 seconds 
========================================================================
Received Import Request.
  Time since last request: 9.640725 seconds.
  path: Assets/Avatars
  artifactKey: Guid(b3d1c842a7ac7409ea2522c36167b74c) Importer(815301076,1909f56bfc062723c751e8b465ee728b)
Start importing Assets/Avatars using Guid(b3d1c842a7ac7409ea2522c36167b74c) Importer(815301076,1909f56bfc062723c751e8b465ee728b)  -> (artifact id: 'e901b53d12ba3e19b121c38a21929b97') in 0.002450 seconds 
========================================================================
Received Import Request.
  Time since last request: 21.028473 seconds.
  path: Assets/Avatars/Scripts
  artifactKey: Guid(090b16f9320a7c64daf31c05e926e08f) Importer(815301076,1909f56bfc062723c751e8b465ee728b)
Start importing Assets/Avatars/Scripts using Guid(090b16f9320a7c64daf31c05e926e08f) Importer(815301076,1909f56bfc062723c751e8b465ee728b)  -> (artifact id: 'bc087f71e8c6cbfa0350beccf433039b') in 0.001731 seconds 
========================================================================
Received Prepare
Registering precompiled user dll's ...
Registered in 0.006391 seconds.
Begin MonoManager ReloadAssembly
Symbol file LoadedFromMemory doesn't match image C:\Users\mdionne\Documents\Cours CEGEP\ExpJeu\Projets Unity\DemoCoursBase\Library\PackageCache\com.unity.visualscripting@1.6.1\Editor\VisualScripting.Core\Dependencies\YamlDotNet\Unity.VisualScripting.YamlDotNet.dll
Symbol file LoadedFromMemory doesn't match image C:\Users\mdionne\Documents\Cours CEGEP\ExpJeu\Projets Unity\DemoCoursBase\Library\PackageCache\com.unity.visualscripting@1.6.1\Editor\VisualScripting.Core\Dependencies\DotNetZip\Unity.VisualScripting.IonicZip.dll
Native extension for WindowsStandalone target not found
Native extension for OSXStandalone target not found
Native extension for WebGL target not found
Refreshing native plugins compatible for Editor in 0.67 ms, found 6 plugins.
Preloading 1 native plugins for Editor in 0.08 ms.
System.Reflection.TargetInvocationException: Exception has been thrown by the target of an invocation. ---> System.NullReferenceException: Object reference not set to an instance of an object
  at Unity.XR.Oculus.OculusLoader.AssetPathToAbsolutePath (System.String assetPath) [0x00048] in C:\Users\mdionne\Documents\Cours CEGEP\ExpJeu\Projets Unity\DemoCoursBase\Library\PackageCache\com.unity.xr.oculus@1.9.1\Runtime\OculusLoader.cs:249 
  at Unity.XR.Oculus.OculusLoader.EditorLoadOVRPlugin () [0x0007b] in C:\Users\mdionne\Documents\Cours CEGEP\ExpJeu\Projets Unity\DemoCoursBase\Library\PackageCache\com.unity.xr.oculus@1.9.1\Runtime\OculusLoader.cs:234 
  at (wrapper managed-to-native) System.Reflection.MonoMethod.InternalInvoke(System.Reflection.MonoMethod,object,object[],System.Exception&)
  at System.Reflection.MonoMethod.Invoke (System.Object obj, System.Reflection.BindingFlags invokeAttr, System.Reflection.Binder binder, System.Object[] parameters, System.Globalization.CultureInfo culture) [0x00032] in <695d1cc93cca45069c528c15c9fdd749>:0 
   --- End of inner exception stack trace ---
  at System.Reflection.MonoMethod.Invoke (System.Object obj, System.Reflection.BindingFlags invokeAttr, System.Reflection.Binder binder, System.Object[] parameters, System.Globalization.CultureInfo culture) [0x00048] in <695d1cc93cca45069c528c15c9fdd749>:0 
  at System.Reflection.MethodBase.Invoke (System.Object obj, System.Object[] parameters) [0x00000] in <695d1cc93cca45069c528c15c9fdd749>:0 
  at UnityEditor.EditorAssemblies.ProcessInitializeOnLoadMethodAttributes () [0x00047] in <5be0ebaa82df43c7b5c1b1db9bde1e97>:0 
UnityEngine.StackTraceUtility:ExtractStackTrace ()
UnityEngine.DebugLogHandler:LogFormat (UnityEngine.LogType,UnityEngine.Object,string,object[])
UnityEngine.Logger:Log (UnityEngine.LogType,object)
UnityEngine.Debug:LogError (object)
UnityEditor.EditorAssemblies:ProcessInitializeOnLoadMethodAttributes ()

Mono: successfully reloaded assembly
- Completed reload, in  1.050 seconds
Domain Reload Profiling:
	ReloadAssembly (1051ms)
		BeginReloadAssembly (108ms)
			ExecutionOrderSort (0ms)
			DisableScriptedObjects (4ms)
			BackupInstance (0ms)
			ReleaseScriptingObjects (0ms)
			CreateAndSetChildDomain (35ms)
		EndReloadAssembly (887ms)
			LoadAssemblies (85ms)
			RebuildTransferFunctionScriptingTraits (0ms)
			SetupTypeCache (318ms)
			ReleaseScriptCaches (1ms)
			RebuildScriptCaches (39ms)
			SetupLoadedEditorAssemblies (341ms)
				LogAssemblyErrors (0ms)
				InitializePlatformSupportModulesInManaged (6ms)
				SetLoadedEditorAssemblies (0ms)
				RefreshPlugins (1ms)
				BeforeProcessingInitializeOnLoad (53ms)
				ProcessInitializeOnLoadAttributes (261ms)
				ProcessInitializeOnLoadMethodAttributes (14ms)
				AfterProcessingInitializeOnLoad (6ms)
				EditorAssembliesLoaded (0ms)
			ExecutionOrderSort2 (0ms)
			AwakeInstancesAfterBackupRestoration (11ms)
Platform modules already initialized, skipping
Refreshing native plugins compatible for Editor in 0.66 ms, found 6 plugins.
Preloading 1 native plugins for Editor in 0.07 ms.
Unloading 3465 Unused Serialized files (Serialized files now loaded: 0)
System memory in use before: 139.0 MB.
System memory in use after: 139.2 MB.

Unloading 18 unused Assets to reduce memory usage. Loaded Objects now: 3958.
Total: 2.270400 ms (FindLiveObjects: 0.256300 ms CreateObjectMapping: 0.173600 ms MarkObjects: 1.824600 ms  DeleteObjects: 0.015100 ms)

AssetImportParameters requested are different than current active one (requested -> active):
  custom:framework-win-MediaFoundation: 216162199b28c13a410421893ffa2e32 -> 
  custom:video-decoder-ogg-theora: a1e56fd34408186e4bbccfd4996cb3dc -> 
  custom:container-muxer-webm: aa71ff27fc2769a1b78a27578f13a17b -> 
  custom:container-demuxer-webm: 4f35f7cbe854078d1ac9338744f61a02 -> 
  custom:container-demuxer-ogg: 62fdf1f143b41e24485cea50d1cbac27 -> 
  custom:video-encoder-webm-vp8: eb34c28f22e8b96e1ab97ce403110664 -> 
  custom:video-decoder-webm-vp8: 9c59270c3fd7afecdb556c50c9e8de78 -> 
  custom:audio-decoder-ogg-vorbis: bf7c407c2cedff20999df2af8eb42d56 -> 
  custom:audio-encoder-webm-vorbis: bf7c407c2cedff20999df2af8eb42d56 -> 
========================================================================
Received Import Request.
  Time since last request: 29.814286 seconds.
  path: Assets/Scripts/ControleAvatar.cs
  artifactKey: Guid(f166034ae6f3274488dd23a18023750d) Importer(815301076,1909f56bfc062723c751e8b465ee728b)
Start importing Assets/Scripts/ControleAvatar.cs using Guid(f166034ae6f3274488dd23a18023750d) Importer(815301076,1909f56bfc062723c751e8b465ee728b)  -> (artifact id: '613e491ad41f42d18253c3303ae2e05f') in 0.009404 seconds 
========================================================================
Received Prepare
Registering precompiled user dll's ...
Registered in 0.006106 seconds.
Begin MonoManager ReloadAssembly
Symbol file LoadedFromMemory doesn't match image C:\Users\mdionne\Documents\Cours CEGEP\ExpJeu\Projets Unity\DemoCoursBase\Library\PackageCache\com.unity.visualscripting@1.6.1\Editor\VisualScripting.Core\Dependencies\YamlDotNet\Unity.VisualScripting.YamlDotNet.dll
Symbol file LoadedFromMemory doesn't match image C:\Users\mdionne\Documents\Cours CEGEP\ExpJeu\Projets Unity\DemoCoursBase\Library\PackageCache\com.unity.visualscripting@1.6.1\Editor\VisualScripting.Core\Dependencies\DotNetZip\Unity.VisualScripting.IonicZip.dll
Native extension for WindowsStandalone target not found
Native extension for OSXStandalone target not found
Native extension for WebGL target not found
Refreshing native plugins compatible for Editor in 0.70 ms, found 6 plugins.
Preloading 1 native plugins for Editor in 0.09 ms.
System.Reflection.TargetInvocationException: Exception has been thrown by the target of an invocation. ---> System.NullReferenceException: Object reference not set to an instance of an object
  at Unity.XR.Oculus.OculusLoader.AssetPathToAbsolutePath (System.String assetPath) [0x00048] in C:\Users\mdionne\Documents\Cours CEGEP\ExpJeu\Projets Unity\DemoCoursBase\Library\PackageCache\com.unity.xr.oculus@1.9.1\Runtime\OculusLoader.cs:249 
  at Unity.XR.Oculus.OculusLoader.EditorLoadOVRPlugin () [0x0007b] in C:\Users\mdionne\Documents\Cours CEGEP\ExpJeu\Projets Unity\DemoCoursBase\Library\PackageCache\com.unity.xr.oculus@1.9.1\Runtime\OculusLoader.cs:234 
  at (wrapper managed-to-native) System.Reflection.MonoMethod.InternalInvoke(System.Reflection.MonoMethod,object,object[],System.Exception&)
  at System.Reflection.MonoMethod.Invoke (System.Object obj, System.Reflection.BindingFlags invokeAttr, System.Reflection.Binder binder, System.Object[] parameters, System.Globalization.CultureInfo culture) [0x00032] in <695d1cc93cca45069c528c15c9fdd749>:0 
   --- End of inner exception stack trace ---
  at System.Reflection.MonoMethod.Invoke (System.Object obj, System.Reflection.BindingFlags invokeAttr, System.Reflection.Binder binder, System.Object[] parameters, System.Globalization.CultureInfo culture) [0x00048] in <695d1cc93cca45069c528c15c9fdd749>:0 
  at System.Reflection.MethodBase.Invoke (System.Object obj, System.Object[] parameters) [0x00000] in <695d1cc93cca45069c528c15c9fdd749>:0 
  at UnityEditor.EditorAssemblies.ProcessInitializeOnLoadMethodAttributes () [0x00047] in <5be0ebaa82df43c7b5c1b1db9bde1e97>:0 
UnityEngine.StackTraceUtility:ExtractStackTrace ()
UnityEngine.DebugLogHandler:LogFormat (UnityEngine.LogType,UnityEngine.Object,string,object[])
UnityEngine.Logger:Log (UnityEngine.LogType,object)
UnityEngine.Debug:LogError (object)
UnityEditor.EditorAssemblies:ProcessInitializeOnLoadMethodAttributes ()

Mono: successfully reloaded assembly
- Completed reload, in  1.112 seconds
Domain Reload Profiling:
	ReloadAssembly (1112ms)
		BeginReloadAssembly (107ms)
			ExecutionOrderSort (0ms)
			DisableScriptedObjects (5ms)
			BackupInstance (0ms)
			ReleaseScriptingObjects (0ms)
			CreateAndSetChildDomain (34ms)
		EndReloadAssembly (944ms)
			LoadAssemblies (89ms)
			RebuildTransferFunctionScriptingTraits (0ms)
			SetupTypeCache (346ms)
			ReleaseScriptCaches (1ms)
			RebuildScriptCaches (43ms)
			SetupLoadedEditorAssemblies (352ms)
				LogAssemblyErrors (0ms)
				InitializePlatformSupportModulesInManaged (6ms)
				SetLoadedEditorAssemblies (0ms)
				RefreshPlugins (1ms)
				BeforeProcessingInitializeOnLoad (57ms)
				ProcessInitializeOnLoadAttributes (268ms)
				ProcessInitializeOnLoadMethodAttributes (13ms)
				AfterProcessingInitializeOnLoad (6ms)
				EditorAssembliesLoaded (0ms)
			ExecutionOrderSort2 (0ms)
			AwakeInstancesAfterBackupRestoration (11ms)
Platform modules already initialized, skipping
Refreshing native plugins compatible for Editor in 0.68 ms, found 6 plugins.
Preloading 1 native plugins for Editor in 0.08 ms.
Unloading 3465 Unused Serialized files (Serialized files now loaded: 0)
System memory in use before: 139.2 MB.
System memory in use after: 139.4 MB.

Unloading 18 unused Assets to reduce memory usage. Loaded Objects now: 3961.
Total: 2.518700 ms (FindLiveObjects: 0.347900 ms CreateObjectMapping: 0.285900 ms MarkObjects: 1.868700 ms  DeleteObjects: 0.015100 ms)

AssetImportParameters requested are different than current active one (requested -> active):
  custom:framework-win-MediaFoundation: 216162199b28c13a410421893ffa2e32 -> 
  custom:video-decoder-ogg-theora: a1e56fd34408186e4bbccfd4996cb3dc -> 
  custom:container-muxer-webm: aa71ff27fc2769a1b78a27578f13a17b -> 
  custom:container-demuxer-webm: 4f35f7cbe854078d1ac9338744f61a02 -> 
  custom:container-demuxer-ogg: 62fdf1f143b41e24485cea50d1cbac27 -> 
  custom:video-encoder-webm-vp8: eb34c28f22e8b96e1ab97ce403110664 -> 
  custom:video-decoder-webm-vp8: 9c59270c3fd7afecdb556c50c9e8de78 -> 
  custom:audio-decoder-ogg-vorbis: bf7c407c2cedff20999df2af8eb42d56 -> 
  custom:audio-encoder-webm-vorbis: bf7c407c2cedff20999df2af8eb42d56 -> 
========================================================================
Received Import Request.
  Time since last request: 640.434812 seconds.
  path: Packages/com.unity.xr.interaction.toolkit/Runtime/Locomotion/LocomotionSystem.cs
  artifactKey: Guid(03a5df2202a8b96488c744be3bd0c33e) Importer(815301076,1909f56bfc062723c751e8b465ee728b)
Start importing Packages/com.unity.xr.interaction.toolkit/Runtime/Locomotion/LocomotionSystem.cs using Guid(03a5df2202a8b96488c744be3bd0c33e) Importer(815301076,1909f56bfc062723c751e8b465ee728b)  -> (artifact id: 'faeb7e258ac43aaaeff445e482d134b5') in 0.005531 seconds 
========================================================================
Received Import Request.
  Time since last request: 6.019393 seconds.
  path: Packages/com.unity.xr.interaction.toolkit/Tests/Runtime/LocomotionInputTests.cs
  artifactKey: Guid(fd996c5c0b60d5148a82f1a1eab3b5c6) Importer(815301076,1909f56bfc062723c751e8b465ee728b)
Start importing Packages/com.unity.xr.interaction.toolkit/Tests/Runtime/LocomotionInputTests.cs using Guid(fd996c5c0b60d5148a82f1a1eab3b5c6) Importer(815301076,1909f56bfc062723c751e8b465ee728b)  -> (artifact id: '2c3845271ba212b123e2edca880e0663') in 0.001976 seconds 
========================================================================
Received Import Request.
  Time since last request: 1.551786 seconds.
  path: Packages/com.unity.xr.interaction.toolkit/Runtime/Locomotion/LocomotionProvider.cs
  artifactKey: Guid(dc2115b5275bb4d428061e74078afdfb) Importer(815301076,1909f56bfc062723c751e8b465ee728b)
Start importing Packages/com.unity.xr.interaction.toolkit/Runtime/Locomotion/LocomotionProvider.cs using Guid(dc2115b5275bb4d428061e74078afdfb) Importer(815301076,1909f56bfc062723c751e8b465ee728b)  -> (artifact id: 'c9a7289f2e4b7e667128145a2d21b75c') in 0.002043 seconds 
========================================================================
Received Import Request.
  Time since last request: 1.728347 seconds.
  path: Packages/com.unity.xr.interaction.toolkit/Tests/Runtime/LocomotionTests.cs
  artifactKey: Guid(e8d13c5e667933044b0dea62ebe0d4c1) Importer(815301076,1909f56bfc062723c751e8b465ee728b)
Start importing Packages/com.unity.xr.interaction.toolkit/Tests/Runtime/LocomotionTests.cs using Guid(e8d13c5e667933044b0dea62ebe0d4c1) Importer(815301076,1909f56bfc062723c751e8b465ee728b)  -> (artifact id: '1030ae1d644c0ba8b3ab096d87bfef28') in 0.002096 seconds 
========================================================================
Received Import Request.
  Time since last request: 108.907101 seconds.
  path: Packages/com.unity.visualscripting/Editor/VisualScripting.Core/EditorAssetResources/Icons/Windows/AboutWindow/AboutPage@32x.png
  artifactKey: Guid(14a8ae82d6c2846769a653bf9f4c0753) Importer(815301076,1909f56bfc062723c751e8b465ee728b)
Start importing Packages/com.unity.visualscripting/Editor/VisualScripting.Core/EditorAssetResources/Icons/Windows/AboutWindow/AboutPage@32x.png using Guid(14a8ae82d6c2846769a653bf9f4c0753) Importer(815301076,1909f56bfc062723c751e8b465ee728b)  -> (artifact id: 'a57b0909bc545d0a3a90e81905486a84') in 0.035916 seconds 
========================================================================
Received Import Request.
  Time since last request: 0.000184 seconds.
  path: Packages/com.unity.collab-proxy/Editor/Collaborate/Assets/Styles/AlertBox.uss
  artifactKey: Guid(85516056fd2579c45b10c08bc3c52a08) Importer(815301076,1909f56bfc062723c751e8b465ee728b)
Start importing Packages/com.unity.collab-proxy/Editor/Collaborate/Assets/Styles/AlertBox.uss using Guid(85516056fd2579c45b10c08bc3c52a08) Importer(815301076,1909f56bfc062723c751e8b465ee728b)  -> (artifact id: '34562d51f3863f5362b5def0d39c0d07') in 0.008858 seconds 
========================================================================
Received Import Request.
  Time since last request: 0.000166 seconds.
  path: Packages/com.unity.visualscripting/Editor/VisualScripting.Core/EditorAssetResources/Icons/Enums/Ludiq.AlignOperation/AlignBottomEdges@32x.png
  artifactKey: Guid(714feff620e1d064789b7374bf7f3ff0) Importer(815301076,1909f56bfc062723c751e8b465ee728b)
Start importing Packages/com.unity.visualscripting/Editor/VisualScripting.Core/EditorAssetResources/Icons/Enums/Ludiq.AlignOperation/AlignBottomEdges@32x.png using Guid(714feff620e1d064789b7374bf7f3ff0) Importer(815301076,1909f56bfc062723c751e8b465ee728b)  -> (artifact id: 'e61b4b3fa14dfb42711277ef7c8a5c49') in 0.005512 seconds 
========================================================================
Received Import Request.
  Time since last request: 0.000306 seconds.
  path: Packages/com.unity.visualscripting/Editor/VisualScripting.Core/EditorAssetResources/Icons/Enums/Ludiq.AlignOperation/AlignBottomEdges@16x.png
  artifactKey: Guid(40613e48a04e7c6499a0d8adf42dba7e) Importer(815301076,1909f56bfc062723c751e8b465ee728b)
Start importing Packages/com.unity.visualscripting/Editor/VisualScripting.Core/EditorAssetResources/Icons/Enums/Ludiq.AlignOperation/AlignBottomEdges@16x.png using Guid(40613e48a04e7c6499a0d8adf42dba7e) Importer(815301076,1909f56bfc062723c751e8b465ee728b)  -> (artifact id: '800a3942c932941cff257cd1b8dab083') in 0.005600 seconds 
========================================================================
Received Import Request.
  Time since last request: 0.000309 seconds.
  path: Packages/com.unity.inputsystem/InputSystem/Editor/Icons/Add Binding@3x.png
  artifactKey: Guid(8be1fbf4b24de44c99840805bdae9e40) Importer(815301076,1909f56bfc062723c751e8b465ee728b)
Start importing Packages/com.unity.inputsystem/InputSystem/Editor/Icons/Add Binding@3x.png using Guid(8be1fbf4b24de44c99840805bdae9e40) Importer(815301076,1909f56bfc062723c751e8b465ee728b)  -> (artifact id: '29ab0be920d369b5e916c81f9ab9501f') in 0.006245 seconds 
========================================================================
Received Import Request.
  Time since last request: 0.000196 seconds.
  path: Packages/com.unity.inputsystem/InputSystem/Editor/Icons/Add Binding@2x.png
  artifactKey: Guid(bb5fa99d6e9434c9ebf101c956021ee1) Importer(815301076,1909f56bfc062723c751e8b465ee728b)
Start importing Packages/com.unity.inputsystem/InputSystem/Editor/Icons/Add Binding@2x.png using Guid(bb5fa99d6e9434c9ebf101c956021ee1) Importer(815301076,1909f56bfc062723c751e8b465ee728b)  -> (artifact id: 'dc83a36106aa1edfd0e76dc69763645b') in 0.005079 seconds 
========================================================================
Received Import Request.
  Time since last request: 0.000150 seconds.
  path: Packages/com.unity.visualscripting/Editor/VisualScripting.Core/EditorAssetResources/Icons/Windows/AboutWindow/AboutPluginsPage@32x.png
  artifactKey: Guid(b9d75ee465bf243539414eab3b94ff02) Importer(815301076,1909f56bfc062723c751e8b465ee728b)
Start importing Packages/com.unity.visualscripting/Editor/VisualScripting.Core/EditorAssetResources/Icons/Windows/AboutWindow/AboutPluginsPage@32x.png using Guid(b9d75ee465bf243539414eab3b94ff02) Importer(815301076,1909f56bfc062723c751e8b465ee728b)  -> (artifact id: 'eba6906f418808af0404afb249977911') in 0.004783 seconds 
========================================================================
Received Import Request.
  Time since last request: 0.000151 seconds.
  path: Packages/com.unity.inputsystem/InputSystem/Editor/Icons/Add Binding@4x.png
  artifactKey: Guid(862c5ca31844d4a6d9aa804af982ce65) Importer(815301076,1909f56bfc062723c751e8b465ee728b)
Start importing Packages/com.unity.inputsystem/InputSystem/Editor/Icons/Add Binding@4x.png using Guid(862c5ca31844d4a6d9aa804af982ce65) Importer(815301076,1909f56bfc062723c751e8b465ee728b)  -> (artifact id: '16e444b5050c43dc8cec83224f8126fe') in 0.005072 seconds 
========================================================================
Received Import Request.
  Time since last request: 0.000249 seconds.
  path: Packages/com.unity.visualscripting/Editor/VisualScripting.Core/EditorAssetResources/Icons/Enums/Ludiq.AlignOperation/AlignBottomEdges_Pro@16x.png
  artifactKey: Guid(f631431e95a3acf46b8e40e041e62e30) Importer(815301076,1909f56bfc062723c751e8b465ee728b)
Start importing Packages/com.unity.visualscripting/Editor/VisualScripting.Core/EditorAssetResources/Icons/Enums/Ludiq.AlignOperation/AlignBottomEdges_Pro@16x.png using Guid(f631431e95a3acf46b8e40e041e62e30) Importer(815301076,1909f56bfc062723c751e8b465ee728b)  -> (artifact id: '55ffaa5d78ada4ce9a44a44e631c6804') in 0.005850 seconds 
========================================================================
Received Import Request.
  Time since last request: 0.000158 seconds.
  path: Packages/com.unity.visualscripting/Editor/VisualScripting.Core/EditorAssetResources/Icons/Enums/Ludiq.AlignOperation/AlignBottomEdges@64x.png
  artifactKey: Guid(05949b3ea15360946934c2411e34790d) Importer(815301076,1909f56bfc062723c751e8b465ee728b)
Start importing Packages/com.unity.visualscripting/Editor/VisualScripting.Core/EditorAssetResources/Icons/Enums/Ludiq.AlignOperation/AlignBottomEdges@64x.png using Guid(05949b3ea15360946934c2411e34790d) Importer(815301076,1909f56bfc062723c751e8b465ee728b)  -> (artifact id: '679ad174ab11377cbd3903f98af709a6') in 0.005210 seconds 
========================================================================
Received Import Request.
  Time since last request: 0.000137 seconds.
  path: Packages/com.unity.visualscripting/Editor/VisualScripting.Core/EditorAssetResources/Icons/Windows/AboutWindow/AcknowledgementPage@32x.png
  artifactKey: Guid(71ff4424a45a14d01aeb98f6e4673ddb) Importer(815301076,1909f56bfc062723c751e8b465ee728b)
Start importing Packages/com.unity.visualscripting/Editor/VisualScripting.Core/EditorAssetResources/Icons/Windows/AboutWindow/AcknowledgementPage@32x.png using Guid(71ff4424a45a14d01aeb98f6e4673ddb) Importer(815301076,1909f56bfc062723c751e8b465ee728b)  -> (artifact id: 'e66291a983a9783cde9d412958e99075') in 0.005420 seconds 
========================================================================
Received Import Request.
  Time since last request: 0.000281 seconds.
  path: Packages/com.unity.collab-proxy/Editor/Collaborate/Assets/Icons/added-file-dark@2x.png
  artifactKey: Guid(c223e0c507e2c6549a2cb97441b62cbe) Importer(815301076,1909f56bfc062723c751e8b465ee728b)
Start importing Packages/com.unity.collab-proxy/Editor/Collaborate/Assets/Icons/added-file-dark@2x.png using Guid(c223e0c507e2c6549a2cb97441b62cbe) Importer(815301076,1909f56bfc062723c751e8b465ee728b)  -> (artifact id: 'd06bb75ebb37025485ca91e22d7c765d') in 0.004995 seconds 
========================================================================
Received Import Request.
  Time since last request: 0.000204 seconds.
  path: Packages/com.unity.collab-proxy/Editor/Collaborate/Assets/Icons/added-file-light@2x.png
  artifactKey: Guid(ec2e3aa6d0ab8ce4eac29b56d65d61d5) Importer(815301076,1909f56bfc062723c751e8b465ee728b)
Start importing Packages/com.unity.collab-proxy/Editor/Collaborate/Assets/Icons/added-file-light@2x.png using Guid(ec2e3aa6d0ab8ce4eac29b56d65d61d5) Importer(815301076,1909f56bfc062723c751e8b465ee728b)  -> (artifact id: 'eab58363355759df4012a117d6760b9c') in 0.004943 seconds 
========================================================================
Received Import Request.
  Time since last request: 0.000188 seconds.
  path: Packages/com.unity.collab-proxy/Editor/Collaborate/Assets/Layouts/AlertBox.uxml
  artifactKey: Guid(13d7e179675caff4293e8d5c7fb1dda8) Importer(815301076,1909f56bfc062723c751e8b465ee728b)
Start importing Packages/com.unity.collab-proxy/Editor/Collaborate/Assets/Layouts/AlertBox.uxml using Guid(13d7e179675caff4293e8d5c7fb1dda8) Importer(815301076,1909f56bfc062723c751e8b465ee728b)  -> (artifact id: '994a6a8cdaedf155ae275fecb8824a9a') in 0.008157 seconds 
========================================================================
Received Import Request.
  Time since last request: 0.122694 seconds.
  path: Packages/com.unity.xr.interaction.toolkit/Runtime/Unity.XR.Interaction.Toolkit.asmdef
  artifactKey: Guid(fe685ec1767f73d42b749ea8045bfe43) Importer(815301076,1909f56bfc062723c751e8b465ee728b)
Start importing Packages/com.unity.xr.interaction.toolkit/Runtime/Unity.XR.Interaction.Toolkit.asmdef using Guid(fe685ec1767f73d42b749ea8045bfe43) Importer(815301076,1909f56bfc062723c751e8b465ee728b)  -> (artifact id: '0e56fa89c9661bff5b98d8d6b9d116d8') in 0.003331 seconds 
========================================================================
Received Import Request.
  Time since last request: 0.000210 seconds.
  path: Packages/com.unity.xr.management/Tests/StandaloneSubsystem/Unity.XR.Management.Tests.Standalone.asmdef
  artifactKey: Guid(575f7633d101095488b014272f40d6f7) Importer(815301076,1909f56bfc062723c751e8b465ee728b)
Start importing Packages/com.unity.xr.management/Tests/StandaloneSubsystem/Unity.XR.Management.Tests.Standalone.asmdef using Guid(575f7633d101095488b014272f40d6f7) Importer(815301076,1909f56bfc062723c751e8b465ee728b)  -> (artifact id: 'f8b43a942f487a317af435b1a0df5d15') in 0.001881 seconds 
========================================================================
Received Import Request.
  Time since last request: 0.000202 seconds.
  path: Packages/com.unity.xr.management/Editor/Unity.XR.Management.Editor.asmdef
  artifactKey: Guid(f9fe0089ec81f4079af78eb2287a6163) Importer(815301076,1909f56bfc062723c751e8b465ee728b)
Start importing Packages/com.unity.xr.management/Editor/Unity.XR.Management.Editor.asmdef using Guid(f9fe0089ec81f4079af78eb2287a6163) Importer(815301076,1909f56bfc062723c751e8b465ee728b)  -> (artifact id: '4ad86fb5e3b2af554bfa3754d8e87dee') in 0.001737 seconds 
========================================================================
Received Import Request.
  Time since last request: 0.000195 seconds.
  path: Packages/com.unity.xr.management/Tests/TestTooling/Unity.XR.TestSupport.asmdef
  artifactKey: Guid(174dd372073128d46a2d10d2daaf414f) Importer(815301076,1909f56bfc062723c751e8b465ee728b)
Start importing Packages/com.unity.xr.management/Tests/TestTooling/Unity.XR.TestSupport.asmdef using Guid(174dd372073128d46a2d10d2daaf414f) Importer(815301076,1909f56bfc062723c751e8b465ee728b)  -> (artifact id: '637007c180390afa359f8b5c70a63c3b') in 0.001818 seconds 
========================================================================
Received Import Request.
  Time since last request: 0.000226 seconds.
  path: Packages/com.unity.xr.interaction.toolkit/Editor/Unity.XR.Interaction.Toolkit.Editor.asmdef
  artifactKey: Guid(190979c3ed6e41c448f5e9925429edf9) Importer(815301076,1909f56bfc062723c751e8b465ee728b)
Start importing Packages/com.unity.xr.interaction.toolkit/Editor/Unity.XR.Interaction.Toolkit.Editor.asmdef using Guid(190979c3ed6e41c448f5e9925429edf9) Importer(815301076,1909f56bfc062723c751e8b465ee728b)  -> (artifact id: '0195a8a14cb5d508239e66ff1be318dd') in 0.002029 seconds 
========================================================================
Received Import Request.
  Time since last request: 0.000199 seconds.
  path: Packages/com.unity.xr.oculus/Runtime/Unity.XR.Oculus.asmdef
  artifactKey: Guid(4af21795022437d4bb139a86514b9ff9) Importer(815301076,1909f56bfc062723c751e8b465ee728b)
Start importing Packages/com.unity.xr.oculus/Runtime/Unity.XR.Oculus.asmdef using Guid(4af21795022437d4bb139a86514b9ff9) Importer(815301076,1909f56bfc062723c751e8b465ee728b)  -> (artifact id: 'ae0ad0e898abd8caf44a9a0dc0573d3b') in 0.001902 seconds 
========================================================================
Received Import Request.
  Time since last request: 0.000196 seconds.
  path: Packages/com.unity.xr.oculus/Editor/Unity.XR.Oculus.Editor.asmdef
  artifactKey: Guid(d1502596da9f12c4ead8bb8b8542bdc8) Importer(815301076,1909f56bfc062723c751e8b465ee728b)
Start importing Packages/com.unity.xr.oculus/Editor/Unity.XR.Oculus.Editor.asmdef using Guid(d1502596da9f12c4ead8bb8b8542bdc8) Importer(815301076,1909f56bfc062723c751e8b465ee728b)  -> (artifact id: 'f3253f0b513493a00b23a7ac0a430526') in 0.001672 seconds 
========================================================================
Received Import Request.
  Time since last request: 0.000196 seconds.
  path: Packages/com.unity.xr.management/Tests/Editor/Unity.XR.Management.EditorTests.asmdef
  artifactKey: Guid(f46fc3751c3e84133af5527f7c1abae5) Importer(815301076,1909f56bfc062723c751e8b465ee728b)
Start importing Packages/com.unity.xr.management/Tests/Editor/Unity.XR.Management.EditorTests.asmdef using Guid(f46fc3751c3e84133af5527f7c1abae5) Importer(815301076,1909f56bfc062723c751e8b465ee728b)  -> (artifact id: 'd832207f123133b7a55b83a9eee05695') in 0.001785 seconds 
========================================================================
Received Import Request.
  Time since last request: 0.000334 seconds.
  path: Packages/com.unity.xr.management/Tests/Runtime/Unity.XR.Management.Tests.asmdef
  artifactKey: Guid(0a731f4d44d04439bb291bdbaa8cb9fc) Importer(815301076,1909f56bfc062723c751e8b465ee728b)
Start importing Packages/com.unity.xr.management/Tests/Runtime/Unity.XR.Management.Tests.asmdef using Guid(0a731f4d44d04439bb291bdbaa8cb9fc) Importer(815301076,1909f56bfc062723c751e8b465ee728b)  -> (artifact id: 'f86e65cd9b716e084c7ad0f4c2934e3d') in 0.002217 seconds 
========================================================================
Received Import Request.
  Time since last request: 0.000171 seconds.
  path: Packages/com.unity.xr.management/Tests/TestPackage/Runtime/Uniyt.XR.Management.TestPackage.asmdef
  artifactKey: Guid(9b8b61ec9cb92d1439beb03814dc2cb0) Importer(815301076,1909f56bfc062723c751e8b465ee728b)
Start importing Packages/com.unity.xr.management/Tests/TestPackage/Runtime/Uniyt.XR.Management.TestPackage.asmdef using Guid(9b8b61ec9cb92d1439beb03814dc2cb0) Importer(815301076,1909f56bfc062723c751e8b465ee728b)  -> (artifact id: '096527434fa603a07cab260a90cff549') in 0.001704 seconds 
========================================================================
Received Import Request.
  Time since last request: 0.000173 seconds.
  path: Packages/com.unity.xr.management/Tests/TestPackage/Editor/Uniyt.XR.Management.TestPackage.Editor.asmdef
  artifactKey: Guid(c536cb714a8a9e84cb16ecf0330eea40) Importer(815301076,1909f56bfc062723c751e8b465ee728b)
Start importing Packages/com.unity.xr.management/Tests/TestPackage/Editor/Uniyt.XR.Management.TestPackage.Editor.asmdef using Guid(c536cb714a8a9e84cb16ecf0330eea40) Importer(815301076,1909f56bfc062723c751e8b465ee728b)  -> (artifact id: '281c3eb43aa6a35b07f8676b39ca9417') in 0.001963 seconds 
========================================================================
Received Import Request.
  Time since last request: 0.000282 seconds.
  path: Packages/com.unity.xr.interaction.toolkit/Tests/Runtime/Unity.XR.Interaction.Toolkit.Tests.asmdef
  artifactKey: Guid(ea4a24547d7d3ef44b572674fb8e01a0) Importer(815301076,1909f56bfc062723c751e8b465ee728b)
Start importing Packages/com.unity.xr.interaction.toolkit/Tests/Runtime/Unity.XR.Interaction.Toolkit.Tests.asmdef using Guid(ea4a24547d7d3ef44b572674fb8e01a0) Importer(815301076,1909f56bfc062723c751e8b465ee728b)  -> (artifact id: 'ea16c64f23554a2afd195373406a6e2d') in 0.002011 seconds 
========================================================================
Received Import Request.
  Time since last request: 0.000222 seconds.
  path: Packages/com.unity.xr.management/Runtime/Unity.XR.Management.asmdef
  artifactKey: Guid(e40ba710768534012815d3193fa296cb) Importer(815301076,1909f56bfc062723c751e8b465ee728b)
Start importing Packages/com.unity.xr.management/Runtime/Unity.XR.Management.asmdef using Guid(e40ba710768534012815d3193fa296cb) Importer(815301076,1909f56bfc062723c751e8b465ee728b)  -> (artifact id: '0deeed743e3d0750a59510ee66e8072d') in 0.002142 seconds 
========================================================================
Received Import Request.
  Time since last request: 30.292925 seconds.
  path: Assets/Samples/XR Interaction Toolkit/1.0.0-pre.5/Default Input Actions/XRI Default Input Actions.inputactions
  artifactKey: Guid(c348712bda248c246b8c49b3db54643f) Importer(815301076,1909f56bfc062723c751e8b465ee728b)
Start importing Assets/Samples/XR Interaction Toolkit/1.0.0-pre.5/Default Input Actions/XRI Default Input Actions.inputactions using Guid(c348712bda248c246b8c49b3db54643f) Importer(815301076,1909f56bfc062723c751e8b465ee728b)  -> (artifact id: '2e1d139a3ee65930702faa7d447c58c9') in 0.013016 seconds 
========================================================================
Received Import Request.
  Time since last request: 1952.017019 seconds.
  path: Assets/Samples
  artifactKey: Guid(8db156a088706bb499f4aa6e51575125) Importer(815301076,1909f56bfc062723c751e8b465ee728b)
Start importing Assets/Samples using Guid(8db156a088706bb499f4aa6e51575125) Importer(815301076,1909f56bfc062723c751e8b465ee728b)  -> (artifact id: '00800f11b10d1db02f58513c6d414fce') in 0.003469 seconds 
========================================================================
Received Import Request.
  Time since last request: 29.089806 seconds.
  path: Assets/ActionBasedControllerManager.cs
  artifactKey: Guid(c7c362981e47067409a1c522f4302887) Importer(815301076,1909f56bfc062723c751e8b465ee728b)
Start importing Assets/ActionBasedControllerManager.cs using Guid(c7c362981e47067409a1c522f4302887) Importer(815301076,1909f56bfc062723c751e8b465ee728b)  -> (artifact id: 'f475ff0e7cbf6714641a8dce5ef0be06') in 0.001814 seconds 
========================================================================
Received Prepare
Registering precompiled user dll's ...
Registered in 0.006131 seconds.
Begin MonoManager ReloadAssembly
Symbol file LoadedFromMemory doesn't match image C:\Users\mdionne\Documents\Cours CEGEP\ExpJeu\Projets Unity\DemoCoursBase\Library\PackageCache\com.unity.visualscripting@1.6.1\Editor\VisualScripting.Core\Dependencies\YamlDotNet\Unity.VisualScripting.YamlDotNet.dll
Symbol file LoadedFromMemory doesn't match image C:\Users\mdionne\Documents\Cours CEGEP\ExpJeu\Projets Unity\DemoCoursBase\Library\PackageCache\com.unity.visualscripting@1.6.1\Editor\VisualScripting.Core\Dependencies\DotNetZip\Unity.VisualScripting.IonicZip.dll
Native extension for WindowsStandalone target not found
Native extension for OSXStandalone target not found
Native extension for WebGL target not found
Refreshing native plugins compatible for Editor in 0.68 ms, found 6 plugins.
Preloading 1 native plugins for Editor in 0.08 ms.
System.Reflection.TargetInvocationException: Exception has been thrown by the target of an invocation. ---> System.NullReferenceException: Object reference not set to an instance of an object
  at Unity.XR.Oculus.OculusLoader.AssetPathToAbsolutePath (System.String assetPath) [0x00048] in C:\Users\mdionne\Documents\Cours CEGEP\ExpJeu\Projets Unity\DemoCoursBase\Library\PackageCache\com.unity.xr.oculus@1.9.1\Runtime\OculusLoader.cs:249 
  at Unity.XR.Oculus.OculusLoader.EditorLoadOVRPlugin () [0x0007b] in C:\Users\mdionne\Documents\Cours CEGEP\ExpJeu\Projets Unity\DemoCoursBase\Library\PackageCache\com.unity.xr.oculus@1.9.1\Runtime\OculusLoader.cs:234 
  at (wrapper managed-to-native) System.Reflection.MonoMethod.InternalInvoke(System.Reflection.MonoMethod,object,object[],System.Exception&)
  at System.Reflection.MonoMethod.Invoke (System.Object obj, System.Reflection.BindingFlags invokeAttr, System.Reflection.Binder binder, System.Object[] parameters, System.Globalization.CultureInfo culture) [0x00032] in <695d1cc93cca45069c528c15c9fdd749>:0 
   --- End of inner exception stack trace ---
  at System.Reflection.MonoMethod.Invoke (System.Object obj, System.Reflection.BindingFlags invokeAttr, System.Reflection.Binder binder, System.Object[] parameters, System.Globalization.CultureInfo culture) [0x00048] in <695d1cc93cca45069c528c15c9fdd749>:0 
  at System.Reflection.MethodBase.Invoke (System.Object obj, System.Object[] parameters) [0x00000] in <695d1cc93cca45069c528c15c9fdd749>:0 
  at UnityEditor.EditorAssemblies.ProcessInitializeOnLoadMethodAttributes () [0x00047] in <5be0ebaa82df43c7b5c1b1db9bde1e97>:0 
UnityEngine.StackTraceUtility:ExtractStackTrace ()
UnityEngine.DebugLogHandler:LogFormat (UnityEngine.LogType,UnityEngine.Object,string,object[])
UnityEngine.Logger:Log (UnityEngine.LogType,object)
UnityEngine.Debug:LogError (object)
UnityEditor.EditorAssemblies:ProcessInitializeOnLoadMethodAttributes ()

Mono: successfully reloaded assembly
- Completed reload, in  1.104 seconds
Domain Reload Profiling:
	ReloadAssembly (1104ms)
		BeginReloadAssembly (126ms)
			ExecutionOrderSort (0ms)
			DisableScriptedObjects (5ms)
			BackupInstance (0ms)
			ReleaseScriptingObjects (0ms)
			CreateAndSetChildDomain (50ms)
		EndReloadAssembly (920ms)
			LoadAssemblies (90ms)
			RebuildTransferFunctionScriptingTraits (0ms)
			SetupTypeCache (343ms)
			ReleaseScriptCaches (1ms)
			RebuildScriptCaches (37ms)
			SetupLoadedEditorAssemblies (337ms)
				LogAssemblyErrors (0ms)
				InitializePlatformSupportModulesInManaged (6ms)
				SetLoadedEditorAssemblies (0ms)
				RefreshPlugins (1ms)
				BeforeProcessingInitializeOnLoad (55ms)
				ProcessInitializeOnLoadAttributes (257ms)
				ProcessInitializeOnLoadMethodAttributes (12ms)
				AfterProcessingInitializeOnLoad (6ms)
				EditorAssembliesLoaded (0ms)
			ExecutionOrderSort2 (0ms)
			AwakeInstancesAfterBackupRestoration (13ms)
Platform modules already initialized, skipping
Refreshing native plugins compatible for Editor in 0.67 ms, found 6 plugins.
Preloading 1 native plugins for Editor in 0.07 ms.
Unloading 3478 Unused Serialized files (Serialized files now loaded: 0)
System memory in use before: 144.5 MB.
System memory in use after: 144.7 MB.

Unloading 18 unused Assets to reduce memory usage. Loaded Objects now: 4148.
Total: 2.497400 ms (FindLiveObjects: 0.251400 ms CreateObjectMapping: 0.174800 ms MarkObjects: 2.036200 ms  DeleteObjects: 0.034300 ms)

AssetImportParameters requested are different than current active one (requested -> active):
  custom:framework-win-MediaFoundation: 216162199b28c13a410421893ffa2e32 -> 
  custom:video-decoder-ogg-theora: a1e56fd34408186e4bbccfd4996cb3dc -> 
  custom:container-muxer-webm: aa71ff27fc2769a1b78a27578f13a17b -> 
  custom:container-demuxer-webm: 4f35f7cbe854078d1ac9338744f61a02 -> 
  custom:container-demuxer-ogg: 62fdf1f143b41e24485cea50d1cbac27 -> 
  custom:video-encoder-webm-vp8: eb34c28f22e8b96e1ab97ce403110664 -> 
  custom:video-decoder-webm-vp8: 9c59270c3fd7afecdb556c50c9e8de78 -> 
  custom:audio-decoder-ogg-vorbis: bf7c407c2cedff20999df2af8eb42d56 -> 
  custom:audio-encoder-webm-vorbis: bf7c407c2cedff20999df2af8eb42d56 -> 
========================================================================
Received Import Request.
  Time since last request: 1205.952137 seconds.
  path: Packages/com.unity.xr.interaction.toolkit/Runtime/Locomotion/Teleportation/TeleportationArea.cs
  artifactKey: Guid(38f6bf3d943ac7945842268c9ef1dca6) Importer(815301076,1909f56bfc062723c751e8b465ee728b)
Start importing Packages/com.unity.xr.interaction.toolkit/Runtime/Locomotion/Teleportation/TeleportationArea.cs using Guid(38f6bf3d943ac7945842268c9ef1dca6) Importer(815301076,1909f56bfc062723c751e8b465ee728b)  -> (artifact id: 'dccaca8c6c2990ad65ee06d9c8a4966e') in 0.008349 seconds 
========================================================================
Received Import Request.
  Time since last request: 1.860343 seconds.
  path: Packages/com.unity.xr.interaction.toolkit/Editor/Locomotion/Teleportation/TeleportationAreaEditor.cs
  artifactKey: Guid(11410c821677e344bb10226e48630b74) Importer(815301076,1909f56bfc062723c751e8b465ee728b)
Start importing Packages/com.unity.xr.interaction.toolkit/Editor/Locomotion/Teleportation/TeleportationAreaEditor.cs using Guid(11410c821677e344bb10226e48630b74) Importer(815301076,1909f56bfc062723c751e8b465ee728b)  -> (artifact id: 'd84a846edc42925216d390473fbda1ef') in 0.002073 seconds 
========================================================================
Received Import Request.
  Time since last request: 659.637251 seconds.
  path: Packages/com.unity.xr.legacyinputhelpers/Prefabs/XRRig.prefab
  artifactKey: Guid(c116b7497ab8ca34c9188965d4295e27) Importer(815301076,1909f56bfc062723c751e8b465ee728b)
Start importing Packages/com.unity.xr.legacyinputhelpers/Prefabs/XRRig.prefab using Guid(c116b7497ab8ca34c9188965d4295e27) Importer(815301076,1909f56bfc062723c751e8b465ee728b)  -> (artifact id: '4e0993ac88694dc4088532330439dbe4') in 0.028876 seconds 
========================================================================
Received Import Request.
  Time since last request: 2.073644 seconds.
  path: Packages/com.unity.xr.interaction.toolkit/Runtime/XR/XRRig.cs
  artifactKey: Guid(7448815bd5148434682b3d931066cd10) Importer(815301076,1909f56bfc062723c751e8b465ee728b)
Start importing Packages/com.unity.xr.interaction.toolkit/Runtime/XR/XRRig.cs using Guid(7448815bd5148434682b3d931066cd10) Importer(815301076,1909f56bfc062723c751e8b465ee728b)  -> (artifact id: 'ae57fcd6d95a5bb101da2cbaa76b4ee9') in 0.001761 seconds 
AssetImportWorkerClient::OnTransportError - code=2 error=End of file
